<?xml version="1.0" encoding="UTF-8"?>
<!-- Generated by org.testng.reporters.JUnitReportReporter -->
<testsuite hostname="Silpas-MacBook-Air.local" failures="0" tests="1" name="com.w2a.tests.zipBoardAutomationTest" time="0.000" errors="0" timestamp="2024-10-15T03:08:34 IST" skipped="1">
  <testcase classname="com.w2a.tests.zipBoardAutomationTest" name="zioBoardAutomationTest" time="0.000">
    <skipped/>
  </testcase> <!-- zioBoardAutomationTest -->
  <system-out/>
</testsuite> <!-- com.w2a.tests.zipBoardAutomationTest -->
