<?xml version="1.0" encoding="UTF-8"?>
<!-- Generated by org.testng.reporters.JUnitReportReporter -->
<testsuite hostname="Silpas-MacBook-Air.local" failures="0" tests="1" name="com.w2a.testcases.ProjectDeletionTest" time="32.498" errors="1" timestamp="2024-10-15T04:50:34 IST" skipped="0">
  <testcase classname="com.w2a.testcases.ProjectDeletionTest" name="projectDeletionTest" time="32.498">
    <error message="Specified Project Id didn&#039;t got deleted from Table" type="java.lang.Error">
      <![CDATA[java.lang.Error: Specified Project Id didn't got deleted from Table
at com.w2a.testcases.ProjectDeletionTest.projectDeletionTest(ProjectDeletionTest.java:85)
at java.base/jdk.internal.reflect.DirectMethodHandleAccessor.invoke(DirectMethodHandleAccessor.java:103)
at java.base/java.lang.reflect.Method.invoke(Method.java:580)
at org.testng.internal.MethodInvocationHelper.invokeMethod(MethodInvocationHelper.java:133)
at org.testng.internal.TestInvoker.invokeMethod(TestInvoker.java:598)
at org.testng.internal.TestInvoker.invokeTestMethod(TestInvoker.java:173)
at org.testng.internal.MethodRunner.runInSequence(MethodRunner.java:46)
at org.testng.internal.TestInvoker$MethodInvocationAgent.invoke(TestInvoker.java:824)
at org.testng.internal.TestInvoker.invokeTestMethods(TestInvoker.java:146)
at org.testng.internal.TestMethodWorker.invokeTestMethods(TestMethodWorker.java:146)
at org.testng.internal.TestMethodWorker.run(TestMethodWorker.java:128)
at java.base/java.util.ArrayList.forEach(ArrayList.java:1597)
at org.testng.TestRunner.privateRun(TestRunner.java:794)
at org.testng.TestRunner.run(TestRunner.java:596)
at org.testng.SuiteRunner.runTest(SuiteRunner.java:377)
at org.testng.SuiteRunner.runSequentially(SuiteRunner.java:371)
at org.testng.SuiteRunner.privateRun(SuiteRunner.java:332)
at org.testng.SuiteRunner.run(SuiteRunner.java:276)
at org.testng.SuiteRunnerWorker.runSuite(SuiteRunnerWorker.java:53)
at org.testng.SuiteRunnerWorker.run(SuiteRunnerWorker.java:96)
at org.testng.TestNG.runSuitesSequentially(TestNG.java:1212)
at org.testng.TestNG.runSuitesLocally(TestNG.java:1134)
at org.testng.TestNG.runSuites(TestNG.java:1063)
at org.testng.TestNG.run(TestNG.java:1031)
at org.testng.remote.AbstractRemoteTestNG.run(AbstractRemoteTestNG.java:115)
at org.testng.remote.RemoteTestNG.initAndRun(RemoteTestNG.java:293)
at org.testng.remote.RemoteTestNG.main(RemoteTestNG.java:91)
]]>
    </error>
  </testcase> <!-- projectDeletionTest -->
  <system-out>
    <![CDATA[Click on Project Navigation bar 
Waiting for project page to load 
Click on nav-bar to display the view of projects
Enter Project Id in search bar
Specified Project Id is  displayed in Table
Click on Project delete button 
Click Project delete button 
Checking project is deleted from table 
Enter Project Id in search bar
Specified Project Id didn't got deleted from Table
Click to see screenshot
<a target="_blank" href=Tue_Oct_15_04_50_33_IST_2024.jpg>Screenshot</a>
<br>
<br>
<a target="_blank" href=Tue_Oct_15_04_50_33_IST_2024.jpg><img src=Tue_Oct_15_04_50_33_IST_2024.jpg></a>]]>
  </system-out>
</testsuite> <!-- com.w2a.testcases.ProjectDeletionTest -->
