<?xml version="1.0" encoding="UTF-8"?>
<!-- Generated by org.testng.reporters.JUnitReportReporter -->
<testsuite hostname="Silpas-MacBook-Air.local" failures="0" tests="1" name="com.w2a.testcases.UserLoginTest" time="32.748" errors="0" timestamp="2024-10-15T04:50:34 IST" skipped="0">
  <testcase classname="com.w2a.testcases.UserLoginTest" name="userLoginTest" time="32.748"/>
  <system-out>
    <![CDATA[Enter username  
Enter password  
Click login button 
Checking navigated to Home Page 
Navigated to Home Page 
Click to see screenshot
<a target="_blank" href=Tue_Oct_15_04_48_51_IST_2024.jpg>Screenshot</a>
<br>
<br>
<a target="_blank" href=Tue_Oct_15_04_48_51_IST_2024.jpg><img src=Tue_Oct_15_04_48_51_IST_2024.jpg></a>]]>
  </system-out>
</testsuite> <!-- com.w2a.testcases.UserLoginTest -->
