<?xml version="1.0" encoding="UTF-8"?>
<!-- Generated by org.testng.reporters.JUnitReportReporter -->
<testsuite hostname="Silpas-MacBook-Air.local" failures="0" tests="1" name="com.w2a.testcases.ProjectCreationTest" time="23.034" errors="0" timestamp="2024-10-15T04:50:34 IST" skipped="0">
  <testcase classname="com.w2a.testcases.ProjectCreationTest" name="projectCreationTest" time="23.034"/>
  <system-out>
    <![CDATA[Click create Project button 
Checking pop-up appeared  
Pop-up appeared to enter details of new Project
Enter new Project Id
Enter new Project Title
Enter new Project Description
Click Project save button 
Check project is created 
New Project is created successfully
Click to see screenshot
<a target="_blank" href=Tue_Oct_15_04_49_15_IST_2024.jpg>Screenshot</a>
<br>
<br>
<a target="_blank" href=Tue_Oct_15_04_49_15_IST_2024.jpg><img src=Tue_Oct_15_04_49_15_IST_2024.jpg></a>]]>
  </system-out>
</testsuite> <!-- com.w2a.testcases.ProjectCreationTest -->
