<?xml version="1.0" encoding="UTF-8"?>
<!-- Generated by org.testng.reporters.JUnitReportReporter -->
<testsuite hostname="Silpas-MacBook-Air.local" failures="0" tests="1" name="com.w2a.testcases.TaskCreationTest" time="38.837" errors="0" timestamp="2024-10-15T04:50:34 IST" skipped="0">
  <testcase classname="com.w2a.testcases.TaskCreationTest" name="taskCreationTest" time="38.837"/>
  <system-out>
    <![CDATA[Click on Task nav-bar button 
Click on add Task button 
Checking pop-up appeared  
Pop-up appeared to enter details of new task
Enter new Task Title
Click on add Title button 
Enter new Task Description
Click on Task Status drop down button 
Select Task Status 
Click on Task Type drop down button 
Select Task Type 
Click on Task Priority drop down button 
Select Task Priority 
Click on Task Close button 
Check task is created 
New Task is created successfully
Click to see screenshot
<a target="_blank" href=Tue_Oct_15_04_49_54_IST_2024.jpg>Screenshot</a>
<br>
<br>
<a target="_blank" href=Tue_Oct_15_04_49_54_IST_2024.jpg><img src=Tue_Oct_15_04_49_54_IST_2024.jpg></a>]]>
  </system-out>
</testsuite> <!-- com.w2a.testcases.TaskCreationTest -->
