<?xml version="1.0" encoding="UTF-8"?>
<!-- Generated by org.testng.reporters.JUnitReportReporter -->
<testsuite hostname="Silpas-MacBook-Air.local" failures="0" tests="1" name="com.w2a.testcases.LoginTest" time="3.317" errors="0" timestamp="2024-10-03T17:02:10 IST" skipped="0">
  <testcase classname="com.w2a.testcases.LoginTest" name="LoginAsBankManager" time="3.317"/>
  <system-out/>
</testsuite> <!-- com.w2a.testcases.LoginTest -->
