<?xml version="1.0" encoding="UTF-8"?>
<!-- Generated by org.testng.reporters.JUnitReportReporter -->
<testsuite hostname="Silpas-MacBook-Air.local" failures="0" tests="1" name="com.w2a.testcases.BankManagerLoginTest" time="3.355" errors="0" timestamp="2024-10-07T11:23:53 IST" skipped="0">
  <testcase classname="com.w2a.testcases.BankManagerLoginTest" name="LoginAsBankManager" time="3.355"/>
  <system-out>
    <![CDATA[Logged in as Manager
<a target="_blank" href="//Users//silpasaju//Desktop//screenShots-1//test-1.png">Screenshot</a>]]>
  </system-out>
</testsuite> <!-- com.w2a.testcases.BankManagerLoginTest -->
