<?xml version="1.0" encoding="UTF-8"?>
<!-- Generated by org.testng.reporters.JUnitReportReporter -->
<testsuite hostname="Silpas-MacBook-Air.local" failures="0" tests="1" name="com.w2a.testcases.BankManagerLoginTest" time="3.321" errors="0" timestamp="13 Oct 2024 07:16:30 GMT" skipped="0">
  <testcase classname="com.w2a.testcases.BankManagerLoginTest" name="LoginAsBankManager" time="3.321"/>
</testsuite> <!-- com.w2a.testcases.BankManagerLoginTest -->
